2017-09-29 11:45:07 INFO  com.trigonic.jrobotx.RobotExclusion     - Failed to fetch http://www.gq.com.au/robots.txt
java.io.FileNotFoundException: http://www.gq.com.au/robots.txt
	at sun.net.www.protocol.http.HttpURLConnection.getInputStream0(HttpURLConnection.java:1872)
	at sun.net.www.protocol.http.HttpURLConnection.getInputStream(HttpURLConnection.java:1474)
	at java.net.URL.openStream(URL.java:1045)
	at com.trigonic.jrobotx.RobotExclusion.get(RobotExclusion.java:69)
	at com.trigonic.jrobotx.RobotExclusion.get(RobotExclusion.java:90)
	at crawler.escalonadorCurtoPrazo.PageFetcher.run(PageFetcher.java:36)
2017-09-29 11:59:39 INFO  com.trigonic.jrobotx.RobotExclusion     - Failed to fetch http://www.gq.com.au/robots.txt
java.io.FileNotFoundException: http://www.gq.com.au/robots.txt
	at sun.net.www.protocol.http.HttpURLConnection.getInputStream0(HttpURLConnection.java:1872)
	at sun.net.www.protocol.http.HttpURLConnection.getInputStream(HttpURLConnection.java:1474)
	at java.net.URL.openStream(URL.java:1045)
	at com.trigonic.jrobotx.RobotExclusion.get(RobotExclusion.java:69)
	at com.trigonic.jrobotx.RobotExclusion.get(RobotExclusion.java:90)
	at crawler.escalonadorCurtoPrazo.PageFetcher.run(PageFetcher.java:40)
2017-09-29 12:00:56 INFO  com.trigonic.jrobotx.RobotExclusion     - Failed to fetch http://www.gq.com.au/robots.txt
java.io.FileNotFoundException: http://www.gq.com.au/robots.txt
	at sun.net.www.protocol.http.HttpURLConnection.getInputStream0(HttpURLConnection.java:1872)
	at sun.net.www.protocol.http.HttpURLConnection.getInputStream(HttpURLConnection.java:1474)
	at java.net.URL.openStream(URL.java:1045)
	at com.trigonic.jrobotx.RobotExclusion.get(RobotExclusion.java:69)
	at com.trigonic.jrobotx.RobotExclusion.get(RobotExclusion.java:90)
	at crawler.escalonadorCurtoPrazo.PageFetcher.run(PageFetcher.java:40)
2017-09-29 12:03:38 INFO  com.trigonic.jrobotx.RobotExclusion     - Failed to fetch http://www.huffingtonpost.com/robots.txt
java.io.IOException: Server returned HTTP response code: 403 for URL: http://www.huffingtonpost.com/robots.txt
	at sun.net.www.protocol.http.HttpURLConnection.getInputStream0(HttpURLConnection.java:1876)
	at sun.net.www.protocol.http.HttpURLConnection.getInputStream(HttpURLConnection.java:1474)
	at java.net.URL.openStream(URL.java:1045)
	at com.trigonic.jrobotx.RobotExclusion.get(RobotExclusion.java:69)
	at com.trigonic.jrobotx.RobotExclusion.get(RobotExclusion.java:90)
	at crawler.escalonadorCurtoPrazo.PageFetcher.run(PageFetcher.java:40)
2017-09-29 12:03:39 INFO  com.trigonic.jrobotx.RobotExclusion     - Failed to fetch http://www.gq.com.au/robots.txt
java.io.FileNotFoundException: http://www.gq.com.au/robots.txt
	at sun.net.www.protocol.http.HttpURLConnection.getInputStream0(HttpURLConnection.java:1872)
	at sun.net.www.protocol.http.HttpURLConnection.getInputStream(HttpURLConnection.java:1474)
	at java.net.URL.openStream(URL.java:1045)
	at com.trigonic.jrobotx.RobotExclusion.get(RobotExclusion.java:69)
	at com.trigonic.jrobotx.RobotExclusion.get(RobotExclusion.java:90)
	at crawler.escalonadorCurtoPrazo.PageFetcher.run(PageFetcher.java:40)
2017-09-29 12:05:53 INFO  com.trigonic.jrobotx.RobotExclusion     - Failed to fetch http://www.gq.com.au/robots.txt
java.io.FileNotFoundException: http://www.gq.com.au/robots.txt
	at sun.net.www.protocol.http.HttpURLConnection.getInputStream0(HttpURLConnection.java:1872)
	at sun.net.www.protocol.http.HttpURLConnection.getInputStream(HttpURLConnection.java:1474)
	at java.net.URL.openStream(URL.java:1045)
	at com.trigonic.jrobotx.RobotExclusion.get(RobotExclusion.java:69)
	at com.trigonic.jrobotx.RobotExclusion.get(RobotExclusion.java:90)
	at crawler.escalonadorCurtoPrazo.PageFetcher.run(PageFetcher.java:39)
2017-09-29 12:06:28 INFO  com.trigonic.jrobotx.RobotExclusion     - Failed to fetch http://www.gq.com.au/robots.txt
java.io.FileNotFoundException: http://www.gq.com.au/robots.txt
	at sun.net.www.protocol.http.HttpURLConnection.getInputStream0(HttpURLConnection.java:1872)
	at sun.net.www.protocol.http.HttpURLConnection.getInputStream(HttpURLConnection.java:1474)
	at java.net.URL.openStream(URL.java:1045)
	at com.trigonic.jrobotx.RobotExclusion.get(RobotExclusion.java:69)
	at com.trigonic.jrobotx.RobotExclusion.get(RobotExclusion.java:90)
	at crawler.escalonadorCurtoPrazo.PageFetcher.run(PageFetcher.java:39)
2017-09-29 12:12:22 INFO  com.trigonic.jrobotx.RobotExclusion     - Failed to fetch http://www.gq.com.au/robots.txt
java.io.FileNotFoundException: http://www.gq.com.au/robots.txt
	at sun.net.www.protocol.http.HttpURLConnection.getInputStream0(HttpURLConnection.java:1872)
	at sun.net.www.protocol.http.HttpURLConnection.getInputStream(HttpURLConnection.java:1474)
	at java.net.URL.openStream(URL.java:1045)
	at com.trigonic.jrobotx.RobotExclusion.get(RobotExclusion.java:69)
	at com.trigonic.jrobotx.RobotExclusion.get(RobotExclusion.java:90)
	at crawler.escalonadorCurtoPrazo.PageFetcher.run(PageFetcher.java:39)
2017-09-29 12:15:06 INFO  com.trigonic.jrobotx.RobotExclusion     - Failed to fetch http://www.huffingtonpost.com/robots.txt
java.io.IOException: Server returned HTTP response code: 403 for URL: http://www.huffingtonpost.com/robots.txt
	at sun.net.www.protocol.http.HttpURLConnection.getInputStream0(HttpURLConnection.java:1876)
	at sun.net.www.protocol.http.HttpURLConnection.getInputStream(HttpURLConnection.java:1474)
	at java.net.URL.openStream(URL.java:1045)
	at com.trigonic.jrobotx.RobotExclusion.get(RobotExclusion.java:69)
	at com.trigonic.jrobotx.RobotExclusion.get(RobotExclusion.java:90)
	at crawler.escalonadorCurtoPrazo.PageFetcher.run(PageFetcher.java:40)
2017-09-29 12:15:08 INFO  com.trigonic.jrobotx.RobotExclusion     - Failed to fetch http://www.gq.com.au/robots.txt
java.io.FileNotFoundException: http://www.gq.com.au/robots.txt
	at sun.net.www.protocol.http.HttpURLConnection.getInputStream0(HttpURLConnection.java:1872)
	at sun.net.www.protocol.http.HttpURLConnection.getInputStream(HttpURLConnection.java:1474)
	at java.net.URL.openStream(URL.java:1045)
	at com.trigonic.jrobotx.RobotExclusion.get(RobotExclusion.java:69)
	at com.trigonic.jrobotx.RobotExclusion.get(RobotExclusion.java:90)
	at crawler.escalonadorCurtoPrazo.PageFetcher.run(PageFetcher.java:40)
2017-09-29 12:16:54 INFO  com.trigonic.jrobotx.RobotExclusion     - Failed to fetch http://www.gq.com.au/robots.txt
java.io.FileNotFoundException: http://www.gq.com.au/robots.txt
	at sun.net.www.protocol.http.HttpURLConnection.getInputStream0(HttpURLConnection.java:1872)
	at sun.net.www.protocol.http.HttpURLConnection.getInputStream(HttpURLConnection.java:1474)
	at java.net.URL.openStream(URL.java:1045)
	at com.trigonic.jrobotx.RobotExclusion.get(RobotExclusion.java:69)
	at com.trigonic.jrobotx.RobotExclusion.get(RobotExclusion.java:90)
	at crawler.escalonadorCurtoPrazo.PageFetcher.run(PageFetcher.java:40)
2017-09-29 12:17:07 INFO  com.trigonic.jrobotx.RobotExclusion     - Failed to fetch http://www.gq.com.au/robots.txt
java.io.FileNotFoundException: http://www.gq.com.au/robots.txt
	at sun.net.www.protocol.http.HttpURLConnection.getInputStream0(HttpURLConnection.java:1872)
	at sun.net.www.protocol.http.HttpURLConnection.getInputStream(HttpURLConnection.java:1474)
	at java.net.URL.openStream(URL.java:1045)
	at com.trigonic.jrobotx.RobotExclusion.get(RobotExclusion.java:69)
	at com.trigonic.jrobotx.RobotExclusion.get(RobotExclusion.java:90)
	at crawler.escalonadorCurtoPrazo.PageFetcher.run(PageFetcher.java:40)
2017-09-29 12:17:48 INFO  com.trigonic.jrobotx.RobotExclusion     - Failed to fetch http://www.gq.com.au/robots.txt
java.io.FileNotFoundException: http://www.gq.com.au/robots.txt
	at sun.net.www.protocol.http.HttpURLConnection.getInputStream0(HttpURLConnection.java:1872)
	at sun.net.www.protocol.http.HttpURLConnection.getInputStream(HttpURLConnection.java:1474)
	at java.net.URL.openStream(URL.java:1045)
	at com.trigonic.jrobotx.RobotExclusion.get(RobotExclusion.java:69)
	at com.trigonic.jrobotx.RobotExclusion.get(RobotExclusion.java:90)
	at crawler.escalonadorCurtoPrazo.PageFetcher.run(PageFetcher.java:40)
2017-09-29 12:21:21 INFO  com.trigonic.jrobotx.RobotExclusion     - Failed to fetch http://www.gq.com.au/robots.txt
java.io.FileNotFoundException: http://www.gq.com.au/robots.txt
	at sun.net.www.protocol.http.HttpURLConnection.getInputStream0(HttpURLConnection.java:1872)
	at sun.net.www.protocol.http.HttpURLConnection.getInputStream(HttpURLConnection.java:1474)
	at java.net.URL.openStream(URL.java:1045)
	at com.trigonic.jrobotx.RobotExclusion.get(RobotExclusion.java:69)
	at com.trigonic.jrobotx.RobotExclusion.get(RobotExclusion.java:90)
	at crawler.escalonadorCurtoPrazo.PageFetcher.run(PageFetcher.java:40)
2017-09-29 12:22:20 INFO  com.trigonic.jrobotx.RobotExclusion     - Failed to fetch http://www.gq.com.au/robots.txt
java.io.FileNotFoundException: http://www.gq.com.au/robots.txt
	at sun.net.www.protocol.http.HttpURLConnection.getInputStream0(HttpURLConnection.java:1872)
	at sun.net.www.protocol.http.HttpURLConnection.getInputStream(HttpURLConnection.java:1474)
	at java.net.URL.openStream(URL.java:1045)
	at com.trigonic.jrobotx.RobotExclusion.get(RobotExclusion.java:69)
	at com.trigonic.jrobotx.RobotExclusion.get(RobotExclusion.java:90)
	at crawler.escalonadorCurtoPrazo.PageFetcher.run(PageFetcher.java:40)
2017-09-29 12:25:12 INFO  com.trigonic.jrobotx.RobotExclusion     - Failed to fetch http://www.gq.com.au/robots.txt
java.io.FileNotFoundException: http://www.gq.com.au/robots.txt
	at sun.net.www.protocol.http.HttpURLConnection.getInputStream0(HttpURLConnection.java:1872)
	at sun.net.www.protocol.http.HttpURLConnection.getInputStream(HttpURLConnection.java:1474)
	at java.net.URL.openStream(URL.java:1045)
	at com.trigonic.jrobotx.RobotExclusion.get(RobotExclusion.java:69)
	at com.trigonic.jrobotx.RobotExclusion.get(RobotExclusion.java:90)
	at crawler.escalonadorCurtoPrazo.PageFetcher.run(PageFetcher.java:40)
2017-09-29 13:04:26 INFO  com.trigonic.jrobotx.RobotExclusion     - Failed to fetch http://www.gq.com.au/robots.txt
java.io.FileNotFoundException: http://www.gq.com.au/robots.txt
	at sun.net.www.protocol.http.HttpURLConnection.getInputStream0(HttpURLConnection.java:1872)
	at sun.net.www.protocol.http.HttpURLConnection.getInputStream(HttpURLConnection.java:1474)
	at java.net.URL.openStream(URL.java:1045)
	at com.trigonic.jrobotx.RobotExclusion.get(RobotExclusion.java:69)
	at com.trigonic.jrobotx.RobotExclusion.get(RobotExclusion.java:90)
	at crawler.escalonadorCurtoPrazo.PageFetcher.run(PageFetcher.java:40)
2017-09-29 13:08:17 INFO  com.trigonic.jrobotx.RobotExclusion     - Failed to fetch http://www.gq.com.au/robots.txt
java.io.FileNotFoundException: http://www.gq.com.au/robots.txt
	at sun.net.www.protocol.http.HttpURLConnection.getInputStream0(HttpURLConnection.java:1872)
	at sun.net.www.protocol.http.HttpURLConnection.getInputStream(HttpURLConnection.java:1474)
	at java.net.URL.openStream(URL.java:1045)
	at com.trigonic.jrobotx.RobotExclusion.get(RobotExclusion.java:69)
	at com.trigonic.jrobotx.RobotExclusion.get(RobotExclusion.java:90)
	at crawler.escalonadorCurtoPrazo.PageFetcher.run(PageFetcher.java:40)
2017-09-29 16:03:12 INFO  com.trigonic.jrobotx.RobotExclusion     - Failed to fetch http://www.gq.com.au/robots.txt
java.io.FileNotFoundException: http://www.gq.com.au/robots.txt
	at sun.net.www.protocol.http.HttpURLConnection.getInputStream0(HttpURLConnection.java:1872)
	at sun.net.www.protocol.http.HttpURLConnection.getInputStream(HttpURLConnection.java:1474)
	at java.net.URL.openStream(URL.java:1045)
	at com.trigonic.jrobotx.RobotExclusion.get(RobotExclusion.java:69)
	at com.trigonic.jrobotx.RobotExclusion.get(RobotExclusion.java:90)
	at crawler.escalonadorCurtoPrazo.PageFetcher.run(PageFetcher.java:42)
2017-09-29 16:04:32 INFO  com.trigonic.jrobotx.RobotExclusion     - Failed to fetch http://www.gq.com.au/robots.txt
java.io.FileNotFoundException: http://www.gq.com.au/robots.txt
	at sun.net.www.protocol.http.HttpURLConnection.getInputStream0(HttpURLConnection.java:1872)
	at sun.net.www.protocol.http.HttpURLConnection.getInputStream(HttpURLConnection.java:1474)
	at java.net.URL.openStream(URL.java:1045)
	at com.trigonic.jrobotx.RobotExclusion.get(RobotExclusion.java:69)
	at com.trigonic.jrobotx.RobotExclusion.get(RobotExclusion.java:90)
	at crawler.escalonadorCurtoPrazo.PageFetcher.run(PageFetcher.java:42)
2017-09-29 16:04:35 INFO  com.trigonic.jrobotx.RobotExclusion     - Failed to fetch http://www.huffingtonpost.com/robots.txt
java.io.IOException: Server returned HTTP response code: 403 for URL: http://www.huffingtonpost.com/robots.txt
	at sun.net.www.protocol.http.HttpURLConnection.getInputStream0(HttpURLConnection.java:1876)
	at sun.net.www.protocol.http.HttpURLConnection.getInputStream(HttpURLConnection.java:1474)
	at java.net.URL.openStream(URL.java:1045)
	at com.trigonic.jrobotx.RobotExclusion.get(RobotExclusion.java:69)
	at com.trigonic.jrobotx.RobotExclusion.get(RobotExclusion.java:90)
	at crawler.escalonadorCurtoPrazo.PageFetcher.run(PageFetcher.java:42)
2017-09-29 16:05:36 INFO  com.trigonic.jrobotx.RobotExclusion     - Failed to fetch http://www.huffingtonpost.com/robots.txt
java.io.IOException: Server returned HTTP response code: 403 for URL: http://www.huffingtonpost.com/robots.txt
	at sun.net.www.protocol.http.HttpURLConnection.getInputStream0(HttpURLConnection.java:1876)
	at sun.net.www.protocol.http.HttpURLConnection.getInputStream(HttpURLConnection.java:1474)
	at java.net.URL.openStream(URL.java:1045)
	at com.trigonic.jrobotx.RobotExclusion.get(RobotExclusion.java:69)
	at com.trigonic.jrobotx.RobotExclusion.get(RobotExclusion.java:90)
	at crawler.escalonadorCurtoPrazo.PageFetcher.run(PageFetcher.java:42)
2017-09-29 16:05:37 INFO  com.trigonic.jrobotx.RobotExclusion     - Failed to fetch http://www.gq.com.au/robots.txt
java.io.FileNotFoundException: http://www.gq.com.au/robots.txt
	at sun.net.www.protocol.http.HttpURLConnection.getInputStream0(HttpURLConnection.java:1872)
	at sun.net.www.protocol.http.HttpURLConnection.getInputStream(HttpURLConnection.java:1474)
	at java.net.URL.openStream(URL.java:1045)
	at com.trigonic.jrobotx.RobotExclusion.get(RobotExclusion.java:69)
	at com.trigonic.jrobotx.RobotExclusion.get(RobotExclusion.java:90)
	at crawler.escalonadorCurtoPrazo.PageFetcher.run(PageFetcher.java:42)
2017-09-29 16:10:20 INFO  com.trigonic.jrobotx.RobotExclusion     - Failed to fetch http://www.gq.com.au/robots.txt
java.io.FileNotFoundException: http://www.gq.com.au/robots.txt
	at sun.net.www.protocol.http.HttpURLConnection.getInputStream0(HttpURLConnection.java:1872)
	at sun.net.www.protocol.http.HttpURLConnection.getInputStream(HttpURLConnection.java:1474)
	at java.net.URL.openStream(URL.java:1045)
	at com.trigonic.jrobotx.RobotExclusion.get(RobotExclusion.java:69)
	at com.trigonic.jrobotx.RobotExclusion.get(RobotExclusion.java:90)
	at crawler.escalonadorCurtoPrazo.PageFetcher.run(PageFetcher.java:42)
2017-09-29 16:11:52 INFO  com.trigonic.jrobotx.RobotExclusion     - Failed to fetch http://www.gq.com.au/robots.txt
java.io.FileNotFoundException: http://www.gq.com.au/robots.txt
	at sun.net.www.protocol.http.HttpURLConnection.getInputStream0(HttpURLConnection.java:1872)
	at sun.net.www.protocol.http.HttpURLConnection.getInputStream(HttpURLConnection.java:1474)
	at java.net.URL.openStream(URL.java:1045)
	at com.trigonic.jrobotx.RobotExclusion.get(RobotExclusion.java:69)
	at com.trigonic.jrobotx.RobotExclusion.get(RobotExclusion.java:90)
	at crawler.escalonadorCurtoPrazo.PageFetcher.run(PageFetcher.java:42)
2017-09-29 16:12:19 INFO  com.trigonic.jrobotx.RobotExclusion     - Failed to fetch http://www.gq.com.au/robots.txt
java.io.FileNotFoundException: http://www.gq.com.au/robots.txt
	at sun.net.www.protocol.http.HttpURLConnection.getInputStream0(HttpURLConnection.java:1872)
	at sun.net.www.protocol.http.HttpURLConnection.getInputStream(HttpURLConnection.java:1474)
	at java.net.URL.openStream(URL.java:1045)
	at com.trigonic.jrobotx.RobotExclusion.get(RobotExclusion.java:69)
	at com.trigonic.jrobotx.RobotExclusion.get(RobotExclusion.java:90)
	at crawler.escalonadorCurtoPrazo.PageFetcher.run(PageFetcher.java:42)
2017-09-29 16:13:01 INFO  com.trigonic.jrobotx.RobotExclusion     - Failed to fetch http://www.gq.com.au/robots.txt
java.io.FileNotFoundException: http://www.gq.com.au/robots.txt
	at sun.net.www.protocol.http.HttpURLConnection.getInputStream0(HttpURLConnection.java:1872)
	at sun.net.www.protocol.http.HttpURLConnection.getInputStream(HttpURLConnection.java:1474)
	at java.net.URL.openStream(URL.java:1045)
	at com.trigonic.jrobotx.RobotExclusion.get(RobotExclusion.java:69)
	at com.trigonic.jrobotx.RobotExclusion.get(RobotExclusion.java:90)
	at crawler.escalonadorCurtoPrazo.PageFetcher.run(PageFetcher.java:42)
2017-09-29 16:13:28 INFO  com.trigonic.jrobotx.RobotExclusion     - Failed to fetch http://www.gq.com.au/robots.txt
java.io.FileNotFoundException: http://www.gq.com.au/robots.txt
	at sun.net.www.protocol.http.HttpURLConnection.getInputStream0(HttpURLConnection.java:1872)
	at sun.net.www.protocol.http.HttpURLConnection.getInputStream(HttpURLConnection.java:1474)
	at java.net.URL.openStream(URL.java:1045)
	at com.trigonic.jrobotx.RobotExclusion.get(RobotExclusion.java:69)
	at com.trigonic.jrobotx.RobotExclusion.get(RobotExclusion.java:90)
	at crawler.escalonadorCurtoPrazo.PageFetcher.run(PageFetcher.java:42)
2017-09-29 16:15:33 INFO  com.trigonic.jrobotx.RobotExclusion     - Failed to fetch http://www.huffingtonpost.com/robots.txt
java.io.IOException: Server returned HTTP response code: 403 for URL: http://www.huffingtonpost.com/robots.txt
	at sun.net.www.protocol.http.HttpURLConnection.getInputStream0(HttpURLConnection.java:1876)
	at sun.net.www.protocol.http.HttpURLConnection.getInputStream(HttpURLConnection.java:1474)
	at java.net.URL.openStream(URL.java:1045)
	at com.trigonic.jrobotx.RobotExclusion.get(RobotExclusion.java:69)
	at com.trigonic.jrobotx.RobotExclusion.get(RobotExclusion.java:90)
	at crawler.escalonadorCurtoPrazo.PageFetcher.run(PageFetcher.java:42)
2017-09-29 16:15:34 INFO  com.trigonic.jrobotx.RobotExclusion     - Failed to fetch http://www.gq.com.au/robots.txt
java.io.FileNotFoundException: http://www.gq.com.au/robots.txt
	at sun.net.www.protocol.http.HttpURLConnection.getInputStream0(HttpURLConnection.java:1872)
	at sun.net.www.protocol.http.HttpURLConnection.getInputStream(HttpURLConnection.java:1474)
	at java.net.URL.openStream(URL.java:1045)
	at com.trigonic.jrobotx.RobotExclusion.get(RobotExclusion.java:69)
	at com.trigonic.jrobotx.RobotExclusion.get(RobotExclusion.java:90)
	at crawler.escalonadorCurtoPrazo.PageFetcher.run(PageFetcher.java:42)
2017-09-29 16:17:33 INFO  com.trigonic.jrobotx.RobotExclusion     - Failed to fetch http://www.gq.com.au/robots.txt
java.io.FileNotFoundException: http://www.gq.com.au/robots.txt
	at sun.net.www.protocol.http.HttpURLConnection.getInputStream0(HttpURLConnection.java:1872)
	at sun.net.www.protocol.http.HttpURLConnection.getInputStream(HttpURLConnection.java:1474)
	at java.net.URL.openStream(URL.java:1045)
	at com.trigonic.jrobotx.RobotExclusion.get(RobotExclusion.java:69)
	at com.trigonic.jrobotx.RobotExclusion.get(RobotExclusion.java:90)
	at crawler.escalonadorCurtoPrazo.PageFetcher.run(PageFetcher.java:42)
2017-09-29 16:18:55 INFO  com.trigonic.jrobotx.RobotExclusion     - Failed to fetch http://www.gq.com.au/robots.txt
java.io.FileNotFoundException: http://www.gq.com.au/robots.txt
	at sun.net.www.protocol.http.HttpURLConnection.getInputStream0(HttpURLConnection.java:1872)
	at sun.net.www.protocol.http.HttpURLConnection.getInputStream(HttpURLConnection.java:1474)
	at java.net.URL.openStream(URL.java:1045)
	at com.trigonic.jrobotx.RobotExclusion.get(RobotExclusion.java:69)
	at com.trigonic.jrobotx.RobotExclusion.get(RobotExclusion.java:90)
	at crawler.escalonadorCurtoPrazo.PageFetcher.run(PageFetcher.java:42)
2017-09-29 16:22:00 INFO  com.trigonic.jrobotx.RobotExclusion     - Failed to fetch http://www.gq.com.au/robots.txt
java.io.FileNotFoundException: http://www.gq.com.au/robots.txt
	at sun.net.www.protocol.http.HttpURLConnection.getInputStream0(HttpURLConnection.java:1872)
	at sun.net.www.protocol.http.HttpURLConnection.getInputStream(HttpURLConnection.java:1474)
	at java.net.URL.openStream(URL.java:1045)
	at com.trigonic.jrobotx.RobotExclusion.get(RobotExclusion.java:69)
	at com.trigonic.jrobotx.RobotExclusion.get(RobotExclusion.java:90)
	at crawler.escalonadorCurtoPrazo.PageFetcher.run(PageFetcher.java:42)
2017-09-29 16:23:19 INFO  com.trigonic.jrobotx.RobotExclusion     - Failed to fetch http://www.gq.com.au/robots.txt
java.io.FileNotFoundException: http://www.gq.com.au/robots.txt
	at sun.net.www.protocol.http.HttpURLConnection.getInputStream0(HttpURLConnection.java:1872)
	at sun.net.www.protocol.http.HttpURLConnection.getInputStream(HttpURLConnection.java:1474)
	at java.net.URL.openStream(URL.java:1045)
	at com.trigonic.jrobotx.RobotExclusion.get(RobotExclusion.java:69)
	at com.trigonic.jrobotx.RobotExclusion.get(RobotExclusion.java:90)
	at crawler.escalonadorCurtoPrazo.PageFetcher.run(PageFetcher.java:42)
2017-09-29 16:24:53 INFO  com.trigonic.jrobotx.RobotExclusion     - Failed to fetch http://www.huffingtonpost.com/robots.txt
java.io.IOException: Server returned HTTP response code: 403 for URL: http://www.huffingtonpost.com/robots.txt
	at sun.net.www.protocol.http.HttpURLConnection.getInputStream0(HttpURLConnection.java:1876)
	at sun.net.www.protocol.http.HttpURLConnection.getInputStream(HttpURLConnection.java:1474)
	at java.net.URL.openStream(URL.java:1045)
	at com.trigonic.jrobotx.RobotExclusion.get(RobotExclusion.java:69)
	at com.trigonic.jrobotx.RobotExclusion.get(RobotExclusion.java:90)
	at crawler.escalonadorCurtoPrazo.PageFetcher.run(PageFetcher.java:42)
2017-09-29 16:25:12 INFO  com.trigonic.jrobotx.RobotExclusion     - Failed to fetch http://www.huffingtonpost.com/robots.txt
java.io.IOException: Server returned HTTP response code: 403 for URL: http://www.huffingtonpost.com/robots.txt
	at sun.net.www.protocol.http.HttpURLConnection.getInputStream0(HttpURLConnection.java:1876)
	at sun.net.www.protocol.http.HttpURLConnection.getInputStream(HttpURLConnection.java:1474)
	at java.net.URL.openStream(URL.java:1045)
	at com.trigonic.jrobotx.RobotExclusion.get(RobotExclusion.java:69)
	at com.trigonic.jrobotx.RobotExclusion.get(RobotExclusion.java:90)
	at crawler.escalonadorCurtoPrazo.PageFetcher.run(PageFetcher.java:42)
2017-09-29 16:25:13 INFO  com.trigonic.jrobotx.RobotExclusion     - Failed to fetch http://www.gq.com.au/robots.txt
java.io.FileNotFoundException: http://www.gq.com.au/robots.txt
	at sun.net.www.protocol.http.HttpURLConnection.getInputStream0(HttpURLConnection.java:1872)
	at sun.net.www.protocol.http.HttpURLConnection.getInputStream(HttpURLConnection.java:1474)
	at java.net.URL.openStream(URL.java:1045)
	at com.trigonic.jrobotx.RobotExclusion.get(RobotExclusion.java:69)
	at com.trigonic.jrobotx.RobotExclusion.get(RobotExclusion.java:90)
	at crawler.escalonadorCurtoPrazo.PageFetcher.run(PageFetcher.java:42)
2017-09-29 16:27:39 INFO  com.trigonic.jrobotx.RobotExclusion     - Failed to fetch http://www.gq.com.au/robots.txt
java.io.FileNotFoundException: http://www.gq.com.au/robots.txt
	at sun.net.www.protocol.http.HttpURLConnection.getInputStream0(HttpURLConnection.java:1872)
	at sun.net.www.protocol.http.HttpURLConnection.getInputStream(HttpURLConnection.java:1474)
	at java.net.URL.openStream(URL.java:1045)
	at com.trigonic.jrobotx.RobotExclusion.get(RobotExclusion.java:69)
	at com.trigonic.jrobotx.RobotExclusion.get(RobotExclusion.java:90)
	at crawler.escalonadorCurtoPrazo.PageFetcher.run(PageFetcher.java:42)
2017-09-29 16:30:11 INFO  com.trigonic.jrobotx.RobotExclusion     - Failed to fetch http://www.gq.com.au/robots.txt
java.io.FileNotFoundException: http://www.gq.com.au/robots.txt
	at sun.net.www.protocol.http.HttpURLConnection.getInputStream0(HttpURLConnection.java:1872)
	at sun.net.www.protocol.http.HttpURLConnection.getInputStream(HttpURLConnection.java:1474)
	at java.net.URL.openStream(URL.java:1045)
	at com.trigonic.jrobotx.RobotExclusion.get(RobotExclusion.java:69)
	at com.trigonic.jrobotx.RobotExclusion.get(RobotExclusion.java:90)
	at crawler.escalonadorCurtoPrazo.PageFetcher.run(PageFetcher.java:42)
2017-09-29 16:30:35 INFO  com.trigonic.jrobotx.RobotExclusion     - Failed to fetch http://www.gq.com.au/robots.txt
java.io.FileNotFoundException: http://www.gq.com.au/robots.txt
	at sun.net.www.protocol.http.HttpURLConnection.getInputStream0(HttpURLConnection.java:1872)
	at sun.net.www.protocol.http.HttpURLConnection.getInputStream(HttpURLConnection.java:1474)
	at java.net.URL.openStream(URL.java:1045)
	at com.trigonic.jrobotx.RobotExclusion.get(RobotExclusion.java:69)
	at com.trigonic.jrobotx.RobotExclusion.get(RobotExclusion.java:90)
	at crawler.escalonadorCurtoPrazo.PageFetcher.run(PageFetcher.java:42)
2017-09-29 16:31:11 INFO  com.trigonic.jrobotx.RobotExclusion     - Failed to fetch http://www.gq.com.au/robots.txt
java.io.FileNotFoundException: http://www.gq.com.au/robots.txt
	at sun.net.www.protocol.http.HttpURLConnection.getInputStream0(HttpURLConnection.java:1872)
	at sun.net.www.protocol.http.HttpURLConnection.getInputStream(HttpURLConnection.java:1474)
	at java.net.URL.openStream(URL.java:1045)
	at com.trigonic.jrobotx.RobotExclusion.get(RobotExclusion.java:69)
	at com.trigonic.jrobotx.RobotExclusion.get(RobotExclusion.java:90)
	at crawler.escalonadorCurtoPrazo.PageFetcher.run(PageFetcher.java:42)
2017-09-29 16:31:40 INFO  com.trigonic.jrobotx.RobotExclusion     - Failed to fetch http://www.gq.com.au/robots.txt
java.io.FileNotFoundException: http://www.gq.com.au/robots.txt
	at sun.net.www.protocol.http.HttpURLConnection.getInputStream0(HttpURLConnection.java:1872)
	at sun.net.www.protocol.http.HttpURLConnection.getInputStream(HttpURLConnection.java:1474)
	at java.net.URL.openStream(URL.java:1045)
	at com.trigonic.jrobotx.RobotExclusion.get(RobotExclusion.java:69)
	at com.trigonic.jrobotx.RobotExclusion.get(RobotExclusion.java:90)
	at crawler.escalonadorCurtoPrazo.PageFetcher.run(PageFetcher.java:42)
2017-09-29 16:43:17 INFO  com.trigonic.jrobotx.RobotExclusion     - Failed to fetch http://www.gq.com.au/robots.txt
java.io.FileNotFoundException: http://www.gq.com.au/robots.txt
	at sun.net.www.protocol.http.HttpURLConnection.getInputStream0(HttpURLConnection.java:1872)
	at sun.net.www.protocol.http.HttpURLConnection.getInputStream(HttpURLConnection.java:1474)
	at java.net.URL.openStream(URL.java:1045)
	at com.trigonic.jrobotx.RobotExclusion.get(RobotExclusion.java:69)
	at com.trigonic.jrobotx.RobotExclusion.get(RobotExclusion.java:90)
	at crawler.escalonadorCurtoPrazo.PageFetcher.run(PageFetcher.java:42)
2017-09-29 17:23:36 INFO  com.trigonic.jrobotx.RobotExclusion     - Failed to fetch http://www.gq.com.au/robots.txt
java.io.FileNotFoundException: http://www.gq.com.au/robots.txt
	at sun.net.www.protocol.http.HttpURLConnection.getInputStream0(HttpURLConnection.java:1872)
	at sun.net.www.protocol.http.HttpURLConnection.getInputStream(HttpURLConnection.java:1474)
	at java.net.URL.openStream(URL.java:1045)
	at com.trigonic.jrobotx.RobotExclusion.get(RobotExclusion.java:69)
	at com.trigonic.jrobotx.RobotExclusion.get(RobotExclusion.java:90)
	at crawler.escalonadorCurtoPrazo.PageFetcher.run(PageFetcher.java:48)
2017-09-29 17:24:40 INFO  com.trigonic.jrobotx.RobotExclusion     - Failed to fetch http://www.gq.com.au/robots.txt
java.io.FileNotFoundException: http://www.gq.com.au/robots.txt
	at sun.net.www.protocol.http.HttpURLConnection.getInputStream0(HttpURLConnection.java:1872)
	at sun.net.www.protocol.http.HttpURLConnection.getInputStream(HttpURLConnection.java:1474)
	at java.net.URL.openStream(URL.java:1045)
	at com.trigonic.jrobotx.RobotExclusion.get(RobotExclusion.java:69)
	at com.trigonic.jrobotx.RobotExclusion.get(RobotExclusion.java:90)
	at crawler.escalonadorCurtoPrazo.PageFetcher.run(PageFetcher.java:48)
2017-09-29 17:25:31 INFO  com.trigonic.jrobotx.RobotExclusion     - Failed to fetch http://www.gq.com.au/robots.txt
java.io.FileNotFoundException: http://www.gq.com.au/robots.txt
	at sun.net.www.protocol.http.HttpURLConnection.getInputStream0(HttpURLConnection.java:1872)
	at sun.net.www.protocol.http.HttpURLConnection.getInputStream(HttpURLConnection.java:1474)
	at java.net.URL.openStream(URL.java:1045)
	at com.trigonic.jrobotx.RobotExclusion.get(RobotExclusion.java:69)
	at com.trigonic.jrobotx.RobotExclusion.get(RobotExclusion.java:90)
	at crawler.escalonadorCurtoPrazo.PageFetcher.run(PageFetcher.java:48)
2017-09-29 17:27:13 INFO  com.trigonic.jrobotx.RobotExclusion     - Failed to fetch http://www.gq.com.au/robots.txt
java.io.FileNotFoundException: http://www.gq.com.au/robots.txt
	at sun.net.www.protocol.http.HttpURLConnection.getInputStream0(HttpURLConnection.java:1872)
	at sun.net.www.protocol.http.HttpURLConnection.getInputStream(HttpURLConnection.java:1474)
	at java.net.URL.openStream(URL.java:1045)
	at com.trigonic.jrobotx.RobotExclusion.get(RobotExclusion.java:69)
	at com.trigonic.jrobotx.RobotExclusion.get(RobotExclusion.java:90)
	at crawler.escalonadorCurtoPrazo.PageFetcher.run(PageFetcher.java:48)
2017-09-29 17:27:44 INFO  com.trigonic.jrobotx.RobotExclusion     - Failed to fetch http://www.gq.com.au/robots.txt
java.io.FileNotFoundException: http://www.gq.com.au/robots.txt
	at sun.net.www.protocol.http.HttpURLConnection.getInputStream0(HttpURLConnection.java:1872)
	at sun.net.www.protocol.http.HttpURLConnection.getInputStream(HttpURLConnection.java:1474)
	at java.net.URL.openStream(URL.java:1045)
	at com.trigonic.jrobotx.RobotExclusion.get(RobotExclusion.java:69)
	at com.trigonic.jrobotx.RobotExclusion.get(RobotExclusion.java:90)
	at crawler.escalonadorCurtoPrazo.PageFetcher.run(PageFetcher.java:48)
2017-09-29 17:29:30 INFO  com.trigonic.jrobotx.RobotExclusion     - Failed to fetch http://www.huffingtonpost.com/robots.txt
java.io.IOException: Server returned HTTP response code: 403 for URL: http://www.huffingtonpost.com/robots.txt
	at sun.net.www.protocol.http.HttpURLConnection.getInputStream0(HttpURLConnection.java:1876)
	at sun.net.www.protocol.http.HttpURLConnection.getInputStream(HttpURLConnection.java:1474)
	at java.net.URL.openStream(URL.java:1045)
	at com.trigonic.jrobotx.RobotExclusion.get(RobotExclusion.java:69)
	at com.trigonic.jrobotx.RobotExclusion.get(RobotExclusion.java:90)
	at crawler.escalonadorCurtoPrazo.PageFetcher.run(PageFetcher.java:47)
2017-09-29 17:29:31 INFO  com.trigonic.jrobotx.RobotExclusion     - Failed to fetch http://www.gq.com.au/robots.txt
java.io.FileNotFoundException: http://www.gq.com.au/robots.txt
	at sun.net.www.protocol.http.HttpURLConnection.getInputStream0(HttpURLConnection.java:1872)
	at sun.net.www.protocol.http.HttpURLConnection.getInputStream(HttpURLConnection.java:1474)
	at java.net.URL.openStream(URL.java:1045)
	at com.trigonic.jrobotx.RobotExclusion.get(RobotExclusion.java:69)
	at com.trigonic.jrobotx.RobotExclusion.get(RobotExclusion.java:90)
	at crawler.escalonadorCurtoPrazo.PageFetcher.run(PageFetcher.java:47)
2017-09-29 18:21:59 ERROR crawler.escalonadorCurtoPrazo.PageFetcher     - INVALID LINK: cnn.comjavascript:void(0);
2017-09-29 18:22:01 ERROR crawler.escalonadorCurtoPrazo.PageFetcher     - INVALID LINK: cnn.comjavascript:void(0);
2017-09-29 18:22:01 ERROR crawler.escalonadorCurtoPrazo.PageFetcher     - INVALID LINK: cnn.comjavascript:void(0);
2017-09-29 18:22:05 ERROR crawler.escalonadorCurtoPrazo.PageFetcher     - INVALID LINK: cnn.comjavascript:void(0);
2017-09-29 18:22:05 ERROR crawler.escalonadorCurtoPrazo.PageFetcher     - INVALID LINK: cnn.comjavascript:void(0);
2017-09-29 18:22:05 ERROR crawler.escalonadorCurtoPrazo.PageFetcher     - INVALID LINK: cnn.comjavascript:void(0);
2017-09-29 18:22:40 ERROR crawler.escalonadorCurtoPrazo.PageFetcher     - [31mINVALID LINK: cnn.comjavascript:void(0);[0m
2017-09-29 18:22:43 ERROR crawler.escalonadorCurtoPrazo.PageFetcher     - [31mINVALID LINK: cnn.comjavascript:void(0);[0m
2017-09-29 18:22:43 ERROR crawler.escalonadorCurtoPrazo.PageFetcher     - [31mINVALID LINK: cnn.comjavascript:void(0);[0m
2017-09-29 18:22:47 ERROR crawler.escalonadorCurtoPrazo.PageFetcher     - [31mINVALID LINK: cnn.comjavascript:void(0);[0m
2017-09-29 18:22:47 ERROR crawler.escalonadorCurtoPrazo.PageFetcher     - [31mINVALID LINK: cnn.comjavascript:void(0);[0m
2017-09-29 18:22:47 ERROR crawler.escalonadorCurtoPrazo.PageFetcher     - [31mINVALID LINK: cnn.comjavascript:void(0);[0m
2017-09-29 18:22:53 ERROR crawler.escalonadorCurtoPrazo.PageFetcher     - [31mINVALID LINK: cnn.comjavascript:void(0);[0m
2017-09-29 18:22:54 ERROR crawler.escalonadorCurtoPrazo.PageFetcher     - [31mINVALID LINK: cnn.comjavascript:void(0);[0m
2017-09-29 18:22:54 ERROR crawler.escalonadorCurtoPrazo.PageFetcher     - [31mINVALID LINK: cnn.comjavascript:void(0);[0m
2017-09-29 18:23:02 ERROR crawler.escalonadorCurtoPrazo.PageFetcher     - [31mINVALID LINK: cnn.comjavascript:void(0);[0m
2017-09-29 18:23:02 ERROR crawler.escalonadorCurtoPrazo.PageFetcher     - [31mINVALID LINK: cnn.comjavascript:void(0);[0m
2017-09-29 18:23:05 ERROR crawler.escalonadorCurtoPrazo.PageFetcher     - [31mINVALID LINK: cnn.comjavascript:void(0);[0m
2017-09-29 18:23:05 ERROR crawler.escalonadorCurtoPrazo.PageFetcher     - [31mINVALID LINK: cnn.comjavascript:void(0);[0m
2017-09-29 18:23:06 ERROR crawler.escalonadorCurtoPrazo.PageFetcher     - [31mINVALID LINK: cnn.comjavascript:void(0);[0m
2017-09-29 18:23:10 ERROR crawler.escalonadorCurtoPrazo.PageFetcher     - [31mINVALID LINK: cnn.comjavascript:void(0);[0m
2017-09-29 18:23:11 ERROR crawler.escalonadorCurtoPrazo.PageFetcher     - [31mINVALID LINK: cnn.comjavascript:void(0);[0m
2017-09-29 18:23:11 ERROR crawler.escalonadorCurtoPrazo.PageFetcher     - [31mINVALID LINK: cnn.comjavascript:void(0);[0m
2017-09-29 18:23:18 ERROR crawler.escalonadorCurtoPrazo.PageFetcher     - [31mINVALID LINK: cnn.comjavascript:(function(){var s=document.createElement('script');s.src='//preferences.truste.com/webservices/js?domain=turner.com&amp;type=turner&amp;js=responsive';s.onreadystatechange=function(){if(this.readyState=='loaded'||this.readyState=='complete'){view(trusteId);}};s.onload=function(){view(trusteId);};document.getElementsByTagName('head')[0].appendChild(s);})()[0m
